2022-04-02 11:05:50:550 [35mhttp[39m: [35mGET /api/v1/todos/test 200 40 - 2544.316 ms [39m
[35m[39m
2022-04-02 11:16:00:160 [35mhttp[39m: [35mGET /api/v1/todos/test 200 24 - 3324.534 ms [39m
[35m[39m
2022-04-02 11:55:38:5538 [35mhttp[39m: [35mGET /api/v1/todos/test 200 24 - 10.663 ms [39m
[35m[39m
2022-04-02 11:55:39:5539 [35mhttp[39m: [35mGET /api/v1/todos/test 200 24 - 4.906 ms [39m
[35m[39m
2022-04-02 11:56:02:562 [35mhttp[39m: [35mGET /api/v1/todos/test 200 24 - 14333.610 ms [39m
[35m[39m
2022-04-02 12:10:38:1038 [35mhttp[39m: [35mGET /api/v1/todos/test 200 133 - 7692.368 ms [39m
[35m[39m
2022-04-02 12:11:19:1119 [35mhttp[39m: [35mGET /api/v1/todos/test 200 133 - 2579.325 ms [39m
[35m[39m
2022-04-02 12:11:22:1122 [35mhttp[39m: [35mGET /api/v1/todos/test3 200 136 - 5.647 ms [39m
[35m[39m
2022-04-02 12:11:26:1126 [35mhttp[39m: [35mGET /api/v1/todos/test1 200 38 - 6.329 ms [39m
[35m[39m
2022-04-02 12:11:28:1128 [35mhttp[39m: [35mGET /api/v1/todos/test 200 133 - 5.059 ms [39m
[35m[39m
2022-04-02 12:35:42:3542 [35mhttp[39m: [35mGET /api/v1/todos/test 200 133 - 1180.580 ms [39m
[35m[39m
2022-04-02 12:35:45:3545 [35mhttp[39m: [35mGET /api/v1/todos/test 200 133 - 6.731 ms [39m
[35m[39m
2022-04-02 12:41:50:4150 [35mhttp[39m: [35mGET /api/v1/todos/test 200 133 - 12.592 ms [39m
[35m[39m
2022-04-02 12:41:51:4151 [35mhttp[39m: [35mGET /api/v1/todos/test 200 133 - 5.498 ms [39m
[35m[39m
2022-04-02 12:41:52:4152 [35mhttp[39m: [35mGET /api/v1/todos/test 200 133 - 5.385 ms [39m
[35m[39m
2022-04-02 12:41:53:4153 [35mhttp[39m: [35mGET /api/v1/todos/test3 200 136 - 4.760 ms [39m
[35m[39m
2022-04-02 12:41:55:4155 [35mhttp[39m: [35mGET /api/v1/todos/test 200 133 - 5.465 ms [39m
[35m[39m
2022-04-02 12:51:14:5114 [35mhttp[39m: [35mGET /api/v1/todos/test 200 133 - 12.707 ms [39m
[35m[39m
2022-04-02 12:51:16:5116 [35mhttp[39m: [35mGET /api/v1/todos/test3 200 136 - 5.797 ms [39m
[35m[39m
2022-04-02 12:55:57:5557 [35mhttp[39m: [35mGET /api/v1/todos/test3 200 136 - 2839.992 ms [39m
[35m[39m
2022-04-02 12:56:05:565 [35mhttp[39m: [35mGET /api/v1/todos/test3 200 136 - 1578.295 ms [39m
[35m[39m
2022-04-02 13:01:06:16 [35mhttp[39m: [35mGET /api/v1/todos/test3 200 136 - 13.784 ms [39m
[35m[39m
2022-04-02 13:01:21:121 [35mhttp[39m: [35mGET /api/v1/todos/test3 200 136 - 15.883 ms [39m
[35m[39m
2022-04-02 13:06:00:60 [35mhttp[39m: [35mGET /api/v1/todos/test3 200 136 - 13.143 ms [39m
[35m[39m
2022-04-02 13:10:58:1058 [35mhttp[39m: [35mGET /api/v1/todos/test3 200 136 - 12.685 ms [39m
[35m[39m
2022-04-02 13:14:44:1444 [35mhttp[39m: [35mGET /api/v1/todos/test3 200 136 - 13.012 ms [39m
[35m[39m
2022-04-02 14:04:14:414 [35mhttp[39m: [35mGET /api/v1/todos/test3 200 136 - 12.613 ms [39m
[35m[39m
2022-04-02 14:04:17:417 [35mhttp[39m: [35mGET /api/v1/todos/test 200 133 - 6.374 ms [39m
[35m[39m
2022-04-02 15:14:02:142 [35mhttp[39m: [35mGET /api/v1/todos/test 200 133 - 1533.258 ms [39m
[35m[39m
2022-04-02 15:15:13:1513 [35mhttp[39m: [35mGET /api/v1/todos/test 200 133 - 12.729 ms [39m
[35m[39m
2022-04-02 15:15:17:1517 [35mhttp[39m: [35mGET /api/v1/todos/test 200 133 - 13.024 ms [39m
[35m[39m
2022-04-02 15:16:47:1647 [35mhttp[39m: [35mGET /api/v1/todos/test 200 133 - 13.522 ms [39m
[35m[39m
2022-04-02 15:16:47:1647 [35mhttp[39m: [35mGET /api/v1/todos/test 200 133 - 6.579 ms [39m
[35m[39m
2022-04-02 15:16:49:1649 [35mhttp[39m: [35mGET /api/v1/todos/test3 200 136 - 5.384 ms [39m
[35m[39m
2022-04-02 15:27:31:2731 [35mhttp[39m: [35mGET /api/v1/todos/test3 200 38 - 12.144 ms [39m
[35m[39m
2022-04-02 15:27:32:2732 [35mhttp[39m: [35mGET /api/v1/todos/test3 200 38 - 5.323 ms [39m
[35m[39m
2022-04-02 15:27:57:2757 [35mhttp[39m: [35mGET /api/v1/todos/test3 200 38 - 17159.555 ms [39m
[35m[39m
2022-04-02 15:28:27:2827 [35mhttp[39m: [35mGET /api/v1/todos/test3 200 136 - 4155.141 ms [39m
[35m[39m
2022-04-02 15:39:00:390 [35mhttp[39m: [35mGET /api/v1/todos/test3 200 136 - 1586.985 ms [39m
[35m[39m
2022-04-02 15:40:51:4051 [35mhttp[39m: [35mGET /api/v1/todos/test3 200 136 - 13.178 ms [39m
[35m[39m
2022-04-02 15:40:52:4052 [35mhttp[39m: [35mGET /api/v1/todos/test3 200 136 - 6.079 ms [39m
[35m[39m
2022-04-02 22:31:10:3110 [35mhttp[39m: [35mGET /api/v1/todos/uuid/test3 500 1412 - 1317.212 ms [39m
[35m[39m
2022-04-02 22:31:46:3146 [35mhttp[39m: [35mGET /api/v1/todos/uuid/test3 - - - - ms [39m
[35m[39m
2022-04-02 22:31:53:3153 [35mhttp[39m: [35mGET /api/v1/todos/uuid/test3 - - - - ms [39m
[35m[39m
2022-04-02 22:32:33:3233 [35mhttp[39m: [35mGET /api/v1/todos/uuid/test3 - - - - ms [39m
[35m[39m
2022-04-02 22:33:22:3322 [35mhttp[39m: [35mGET /api/v1/todos/uuid/test3 - - - - ms [39m
[35m[39m
2022-04-02 22:33:27:3327 [35mhttp[39m: [35mGET /api/v1/todos/uuid/test - - - - ms [39m
[35m[39m
2022-04-02 22:34:16:3416 [35mhttp[39m: [35mGET /api/v1/todos/uuid/test - - - - ms [39m
[35m[39m
2022-04-02 22:34:52:3452 [35mhttp[39m: [35mGET /api/v1/todos/uuid/test 404 161 - 4.862 ms [39m
[35m[39m
2022-04-02 22:34:54:3454 [35mhttp[39m: [35mGET /api/v1/todos/uuid/test 404 161 - 3.871 ms [39m
[35m[39m
2022-04-02 22:35:03:353 [35mhttp[39m: [35mGET /api/v1/todos/uuid/test 200 133 - 1567.551 ms [39m
[35m[39m
2022-04-02 22:42:40:4240 [35mhttp[39m: [35mGET /api/v1/todos/uuid/test 500 1425 - 5.886 ms [39m
[35m[39m
2022-04-03 09:41:24:4124 [35mhttp[39m: [35mGET / 404 139 - 3.215 ms [39m
[35m[39m
2022-04-03 11:46:10:4610 [31merror[39m: [31mError during Data Source initialization: getaddrinfo ENOTFOUND mysql[39m
2022-04-03 11:46:29:4629 [31merror[39m: [31mError during Data Source initialization: getaddrinfo ENOTFOUND mysql[39m
2022-04-03 11:46:48:4648 [32minfo[39m: [32mData Source has been initialized![39m
2022-04-03 11:47:07:477 [32minfo[39m: [32mData Source has been initialized![39m
2022-04-03 11:47:18:4718 [32minfo[39m: [32mData Source has been initialized![39m
2022-04-03 11:48:02:482 [32minfo[39m: [32mData Source has been initialized![39m
2022-04-03 11:48:03:483 [32minfo[39m: [32mData Source has been initialized![39m
2022-04-03 12:02:50:250 [32minfo[39m: [32mData Source has been initialized![39m
2022-04-03 12:04:06:46 [32minfo[39m: [32mData Source has been initialized![39m
